Determining if the pthread_create exist failed with the following output:
Change Dir: /data/wb/SCC/working_copies/facies/serverside/CMakeFiles/CMakeTmp

Run Build Command:"/usr/bin/make" "cmTC_64ff8/fast"
/usr/bin/make -f CMakeFiles/cmTC_64ff8.dir/build.make CMakeFiles/cmTC_64ff8.dir/build
make[1]: Entering directory '/data/wb/SCC/working_copies/facies/serverside/CMakeFiles/CMakeTmp'
Building C object CMakeFiles/cmTC_64ff8.dir/CheckSymbolExists.c.o
/usr/bin/cc    -o CMakeFiles/cmTC_64ff8.dir/CheckSymbolExists.c.o   -c /data/wb/SCC/working_copies/facies/serverside/CMakeFiles/CMakeTmp/CheckSymbolExists.c
Linking C executable cmTC_64ff8
/usr/bin/cmake -E cmake_link_script CMakeFiles/cmTC_64ff8.dir/link.txt --verbose=1
/usr/bin/cc      -rdynamic CMakeFiles/cmTC_64ff8.dir/CheckSymbolExists.c.o  -o cmTC_64ff8 
CMakeFiles/cmTC_64ff8.dir/CheckSymbolExists.c.o: In function `main':
CheckSymbolExists.c:(.text+0x1b): undefined reference to `pthread_create'
collect2: error: ld returned 1 exit status
CMakeFiles/cmTC_64ff8.dir/build.make:97: recipe for target 'cmTC_64ff8' failed
make[1]: *** [cmTC_64ff8] Error 1
make[1]: Leaving directory '/data/wb/SCC/working_copies/facies/serverside/CMakeFiles/CMakeTmp'
Makefile:126: recipe for target 'cmTC_64ff8/fast' failed
make: *** [cmTC_64ff8/fast] Error 2

File /data/wb/SCC/working_copies/facies/serverside/CMakeFiles/CMakeTmp/CheckSymbolExists.c:
/* */
#include <pthread.h>

int main(int argc, char** argv)
{
  (void)argv;
#ifndef pthread_create
  return ((int*)(&pthread_create))[argc];
#else
  (void)argc;
  return 0;
#endif
}

Determining if the function pthread_create exists in the pthreads failed with the following output:
Change Dir: /data/wb/SCC/working_copies/facies/serverside/CMakeFiles/CMakeTmp

Run Build Command:"/usr/bin/make" "cmTC_c13b9/fast"
/usr/bin/make -f CMakeFiles/cmTC_c13b9.dir/build.make CMakeFiles/cmTC_c13b9.dir/build
make[1]: Entering directory '/data/wb/SCC/working_copies/facies/serverside/CMakeFiles/CMakeTmp'
Building C object CMakeFiles/cmTC_c13b9.dir/CheckFunctionExists.c.o
/usr/bin/cc   -DCHECK_FUNCTION_EXISTS=pthread_create   -o CMakeFiles/cmTC_c13b9.dir/CheckFunctionExists.c.o   -c /usr/share/cmake-3.10/Modules/CheckFunctionExists.c
Linking C executable cmTC_c13b9
/usr/bin/cmake -E cmake_link_script CMakeFiles/cmTC_c13b9.dir/link.txt --verbose=1
/usr/bin/cc  -DCHECK_FUNCTION_EXISTS=pthread_create    -rdynamic CMakeFiles/cmTC_c13b9.dir/CheckFunctionExists.c.o  -o cmTC_c13b9 -lpthreads 
/usr/bin/ld: cannot find -lpthreads
collect2: error: ld returned 1 exit status
CMakeFiles/cmTC_c13b9.dir/build.make:97: recipe for target 'cmTC_c13b9' failed
make[1]: *** [cmTC_c13b9] Error 1
make[1]: Leaving directory '/data/wb/SCC/working_copies/facies/serverside/CMakeFiles/CMakeTmp'
Makefile:126: recipe for target 'cmTC_c13b9/fast' failed
make: *** [cmTC_c13b9/fast] Error 2


